This is pdfTeX, Version 3.1415926-2.3-1.40.12 (TeX Live 2011) (format=pdflatex 2011.9.6)  14 SEP 2012 14:50
entering extended mode
 restricted \write18 enabled.
 file:line:error style messages enabled.
 %&-line parsing enabled.
**mmd-letterhead-begin-doc.tex
(./mmd-letterhead-begin-doc.tex
LaTeX2e <2011/06/27>
Babel <v3.8m> and hyphenation patterns for english, dumylang, nohyphenation, ge
rman-x-2011-07-01, ngerman-x-2011-07-01, afrikaans, ancientgreek, ibycus, arabi
c, armenian, basque, bulgarian, catalan, pinyin, coptic, croatian, czech, danis
h, dutch, ukenglish, usenglishmax, esperanto, estonian, ethiopic, farsi, finnis
h, french, galician, german, ngerman, swissgerman, monogreek, greek, hungarian,
 icelandic, assamese, bengali, gujarati, hindi, kannada, malayalam, marathi, or
iya, panjabi, tamil, telugu, indonesian, interlingua, irish, italian, kurmanji,
 lao, latin, latvian, lithuanian, mongolian, mongolianlmc, bokmal, nynorsk, pol
ish, portuguese, romanian, russian, sanskrit, serbian, serbianc, slovak, sloven
ian, spanish, swedish, turkish, turkmen, ukrainian, uppersorbian, welsh, loaded
.

./mmd-letterhead-begin-doc.tex:22: LaTeX Error: \usepackage before \documentcla
ss.

See the LaTeX manual or LaTeX Companion for explanation.
Type  H <return>  for immediate help.
 ...                                              
                                                  
l.22 	pdftitle={
                \mytitle},
\usepackage may only appear in the document preamble, i.e.,
between \documentclass and \begin{document}.


./mmd-letterhead-begin-doc.tex:22: LaTeX Error: Missing \begin{document}.

See the LaTeX manual or LaTeX Companion for explanation.
Type  H <return>  for immediate help.
 ...                                              
                                                  
l.22 	pdftitle={\mytitle},
                          
You're in trouble here.  Try typing  <return>  to proceed.
If that doesn't work, type  X <return>  to quit.

Missing character: There is no , in font nullfont!
Missing character: There is no p in font nullfont!
Missing character: There is no a in font nullfont!
Missing character: There is no g in font nullfont!
Missing character: There is no e in font nullfont!
Missing character: There is no b in font nullfont!
Missing character: There is no a in font nullfont!
Missing character: There is no c in font nullfont!
Missing character: There is no k in font nullfont!
Missing character: There is no r in font nullfont!
Missing character: There is no e in font nullfont!
Missing character: There is no f in font nullfont!
Missing character: There is no , in font nullfont!
Missing character: There is no p in font nullfont!
Missing character: There is no d in font nullfont!
Missing character: There is no f in font nullfont!
Missing character: There is no a in font nullfont!
Missing character: There is no u in font nullfont!
Missing character: There is no t in font nullfont!
Missing character: There is no h in font nullfont!
Missing character: There is no o in font nullfont!
Missing character: There is no r in font nullfont!
Missing character: There is no = in font nullfont!
./mmd-letterhead-begin-doc.tex:24: Undefined control sequence.
l.24 	pdfauthor={\myauthor
                          },
The control sequence at the end of the top line
of your error message was never \def'ed. If you have
misspelled it (e.g., `\hobx'), type `I' and the correct
spelling (e.g., `I\hbox'). Otherwise just continue,
and I'll forget about whatever was undefined.

Missing character: There is no , in font nullfont!
Missing character: There is no p in font nullfont!
Missing character: There is no d in font nullfont!
Missing character: There is no f in font nullfont!
Missing character: There is no k in font nullfont!
Missing character: There is no e in font nullfont!
Missing character: There is no y in font nullfont!
Missing character: There is no w in font nullfont!
Missing character: There is no o in font nullfont!
Missing character: There is no r in font nullfont!
Missing character: There is no d in font nullfont!
Missing character: There is no s in font nullfont!
Missing character: There is no = in font nullfont!
./mmd-letterhead-begin-doc.tex:25: Undefined control sequence.
l.25 	pdfkeywords={\keywords
                            }
The control sequence at the end of the top line
of your error message was never \def'ed. If you have
misspelled it (e.g., `\hobx'), type `I' and the correct
spelling (e.g., `I\hbox'). Otherwise just continue,
and I'll forget about whatever was undefined.

Missing character: There is no ] in font nullfont!
Missing character: There is no h in font nullfont!
Missing character: There is no y in font nullfont!
Missing character: There is no p in font nullfont!
Missing character: There is no e in font nullfont!
Missing character: There is no r in font nullfont!
Missing character: There is no r in font nullfont!
Missing character: There is no e in font nullfont!
Missing character: There is no f in font nullfont!

./mmd-letterhead-begin-doc.tex:27: LaTeX Error: \usepackage before \documentcla
ss.

See the LaTeX manual or LaTeX Companion for explanation.
Type  H <return>  for immediate help.
 ...                                              
                                                  
l.27 \usepackage{
                 memhfixc}
\usepackage may only appear in the document preamble, i.e.,
between \documentclass and \begin{document}.


Overfull \hbox (20.0pt too wide) in paragraph at lines 22--28
[]
 []

./mmd-letterhead-begin-doc.tex:51: Undefined control sequence.
l.51 \addtodef
              {\returnaddress}{}{\emph{\defaultposition}}
The control sequence at the end of the top line
of your error message was never \def'ed. If you have
misspelled it (e.g., `\hobx'), type `I' and the correct
spelling (e.g., `I\hbox'). Otherwise just continue,
and I'll forget about whatever was undefined.

./mmd-letterhead-begin-doc.tex:51: Undefined control sequence.
\returnaddress ->\raggedleft \footnotesize 
                                           \renewcommand {\baselinestretch }...
l.51 \addtodef{\returnaddress
                             }{}{\emph{\defaultposition}}
The control sequence at the end of the top line
of your error message was never \def'ed. If you have
misspelled it (e.g., `\hobx'), type `I' and the correct
spelling (e.g., `I\hbox'). Otherwise just continue,
and I'll forget about whatever was undefined.


./mmd-letterhead-begin-doc.tex:51: LaTeX Error: Missing \begin{document}.

See the LaTeX manual or LaTeX Companion for explanation.
Type  H <return>  for immediate help.
 ...                                              
                                                  
l.51 \addtodef{\returnaddress
                             }{}{\emph{\defaultposition}}
You're in trouble here.  Try typing  <return>  to proceed.
If that doesn't work, type  X <return>  to quit.

./mmd-letterhead-begin-doc.tex:51: Undefined control sequence.
<recently read> \myauthor 
                          
l.51 \addtodef{\returnaddress
                             }{}{\emph{\defaultposition}}
The control sequence at the end of the top line
of your error message was never \def'ed. If you have
misspelled it (e.g., `\hobx'), type `I' and the correct
spelling (e.g., `I\hbox'). Otherwise just continue,
and I'll forget about whatever was undefined.


./mmd-letterhead-begin-doc.tex:51: LaTeX Error: Missing \begin{document}.

See the LaTeX manual or LaTeX Companion for explanation.
Type  H <return>  for immediate help.
 ...                                              
                                                  
l.51 ...{\returnaddress}{}{\emph{\defaultposition}
                                                  }
You're in trouble here.  Try typing  <return>  to proceed.
If that doesn't work, type  X <return>  to quit.

./mmd-letterhead-begin-doc.tex:51: Undefined control sequence.
<recently read> \defaultposition 
                                 
l.51 ...{\returnaddress}{}{\emph{\defaultposition}
                                                  }
The control sequence at the end of the top line
of your error message was never \def'ed. If you have
misspelled it (e.g., `\hobx'), type `I' and the correct
spelling (e.g., `I\hbox'). Otherwise just continue,
and I'll forget about whatever was undefined.


Overfull \hbox (20.0pt too wide) in paragraph at lines 51--55
[] 
 []

./mmd-letterhead-begin-doc.tex:57: Undefined control sequence.
l.57 \addtodef
              {\returnaddress}{}{\emph{\defaultemail}
The control sequence at the end of the top line
of your error message was never \def'ed. If you have
misspelled it (e.g., `\hobx'), type `I' and the correct
spelling (e.g., `I\hbox'). Otherwise just continue,
and I'll forget about whatever was undefined.

./mmd-letterhead-begin-doc.tex:57: Undefined control sequence.
\returnaddress ->\raggedleft \footnotesize 
                                           \renewcommand {\baselinestretch }...
l.57 \addtodef{\returnaddress
                             }{}{\emph{\defaultemail}
The control sequence at the end of the top line
of your error message was never \def'ed. If you have
misspelled it (e.g., `\hobx'), type `I' and the correct
spelling (e.g., `I\hbox'). Otherwise just continue,
and I'll forget about whatever was undefined.


./mmd-letterhead-begin-doc.tex:57: LaTeX Error: Missing \begin{document}.

See the LaTeX manual or LaTeX Companion for explanation.
Type  H <return>  for immediate help.
 ...                                              
                                                  
l.57 \addtodef{\returnaddress
                             }{}{\emph{\defaultemail}
You're in trouble here.  Try typing  <return>  to proceed.
If that doesn't work, type  X <return>  to quit.

./mmd-letterhead-begin-doc.tex:57: Undefined control sequence.
<recently read> \myauthor 
                          
l.57 \addtodef{\returnaddress
                             }{}{\emph{\defaultemail}
The control sequence at the end of the top line
of your error message was never \def'ed. If you have
misspelled it (e.g., `\hobx'), type `I' and the correct
spelling (e.g., `I\hbox'). Otherwise just continue,
and I'll forget about whatever was undefined.


./mmd-letterhead-begin-doc.tex:57: LaTeX Error: Missing \begin{document}.

See the LaTeX manual or LaTeX Companion for explanation.
Type  H <return>  for immediate help.
 ...                                              
                                                  
l.57 ...def{\returnaddress}{}{\emph{\defaultemail}
                                                  
You're in trouble here.  Try typing  <return>  to proceed.
If that doesn't work, type  X <return>  to quit.

./mmd-letterhead-begin-doc.tex:57: Undefined control sequence.
<recently read> \defaultemail 
                              
l.57 ...def{\returnaddress}{}{\emph{\defaultemail}
                                                  
The control sequence at the end of the top line
of your error message was never \def'ed. If you have
misspelled it (e.g., `\hobx'), type `I' and the correct
spelling (e.g., `I\hbox'). Otherwise just continue,
and I'll forget about whatever was undefined.


Overfull \hbox (20.0pt too wide) in paragraph at lines 57--67
[]
 []

./mmd-letterhead-begin-doc.tex:69: Undefined control sequence.
l.69 \addtodef
              {\returnaddress}{}{\textbf{\defaultdepartment}}
The control sequence at the end of the top line
of your error message was never \def'ed. If you have
misspelled it (e.g., `\hobx'), type `I' and the correct
spelling (e.g., `I\hbox'). Otherwise just continue,
and I'll forget about whatever was undefined.

./mmd-letterhead-begin-doc.tex:69: Undefined control sequence.
\returnaddress ->\raggedleft \footnotesize 
                                           \renewcommand {\baselinestretch }...
l.69 \addtodef{\returnaddress
                             }{}{\textbf{\defaultdepartment}}
The control sequence at the end of the top line
of your error message was never \def'ed. If you have
misspelled it (e.g., `\hobx'), type `I' and the correct
spelling (e.g., `I\hbox'). Otherwise just continue,
and I'll forget about whatever was undefined.


./mmd-letterhead-begin-doc.tex:69: LaTeX Error: Missing \begin{document}.

See the LaTeX manual or LaTeX Companion for explanation.
Type  H <return>  for immediate help.
 ...                                              
                                                  
l.69 \addtodef{\returnaddress
                             }{}{\textbf{\defaultdepartment}}
You're in trouble here.  Try typing  <return>  to proceed.
If that doesn't work, type  X <return>  to quit.

./mmd-letterhead-begin-doc.tex:69: Undefined control sequence.
<recently read> \myauthor 
                          
l.69 \addtodef{\returnaddress
                             }{}{\textbf{\defaultdepartment}}
The control sequence at the end of the top line
of your error message was never \def'ed. If you have
misspelled it (e.g., `\hobx'), type `I' and the correct
spelling (e.g., `I\hbox'). Otherwise just continue,
and I'll forget about whatever was undefined.


./mmd-letterhead-begin-doc.tex:69: LaTeX Error: Missing \begin{document}.

See the LaTeX manual or LaTeX Companion for explanation.
Type  H <return>  for immediate help.
 ...                                              
                                                  
l.69 ...turnaddress}{}{\textbf{\defaultdepartment}
                                                  }
You're in trouble here.  Try typing  <return>  to proceed.
If that doesn't work, type  X <return>  to quit.

./mmd-letterhead-begin-doc.tex:69: Undefined control sequence.
<recently read> \defaultdepartment 
                                   
l.69 ...turnaddress}{}{\textbf{\defaultdepartment}
                                                  }
The control sequence at the end of the top line
of your error message was never \def'ed. If you have
misspelled it (e.g., `\hobx'), type `I' and the correct
spelling (e.g., `I\hbox'). Otherwise just continue,
and I'll forget about whatever was undefined.


Overfull \hbox (20.0pt too wide) in paragraph at lines 69--73
[] 
 []

./mmd-letterhead-begin-doc.tex:75: Undefined control sequence.
l.75 \addtodef
              {\returnaddress}{}{\defaultaddress}
The control sequence at the end of the top line
of your error message was never \def'ed. If you have
misspelled it (e.g., `\hobx'), type `I' and the correct
spelling (e.g., `I\hbox'). Otherwise just continue,
and I'll forget about whatever was undefined.

./mmd-letterhead-begin-doc.tex:75: Undefined control sequence.
\returnaddress ->\raggedleft \footnotesize 
                                           \renewcommand {\baselinestretch }...
l.75 \addtodef{\returnaddress
                             }{}{\defaultaddress}
The control sequence at the end of the top line
of your error message was never \def'ed. If you have
misspelled it (e.g., `\hobx'), type `I' and the correct
spelling (e.g., `I\hbox'). Otherwise just continue,
and I'll forget about whatever was undefined.


./mmd-letterhead-begin-doc.tex:75: LaTeX Error: Missing \begin{document}.

See the LaTeX manual or LaTeX Companion for explanation.
Type  H <return>  for immediate help.
 ...                                              
                                                  
l.75 \addtodef{\returnaddress
                             }{}{\defaultaddress}
You're in trouble here.  Try typing  <return>  to proceed.
If that doesn't work, type  X <return>  to quit.

./mmd-letterhead-begin-doc.tex:75: Undefined control sequence.
<recently read> \myauthor 
                          
l.75 \addtodef{\returnaddress
                             }{}{\defaultaddress}
The control sequence at the end of the top line
of your error message was never \def'ed. If you have
misspelled it (e.g., `\hobx'), type `I' and the correct
spelling (e.g., `I\hbox'). Otherwise just continue,
and I'll forget about whatever was undefined.

./mmd-letterhead-begin-doc.tex:75: Undefined control sequence.
l.75 \addtodef{\returnaddress}{}{\defaultaddress
                                                }
The control sequence at the end of the top line
of your error message was never \def'ed. If you have
misspelled it (e.g., `\hobx'), type `I' and the correct
spelling (e.g., `I\hbox'). Otherwise just continue,
and I'll forget about whatever was undefined.

./mmd-letterhead-begin-doc.tex:81: Undefined control sequence.
l.81 \addtodef
              {\returnaddress}{}{\defaultphone}
The control sequence at the end of the top line
of your error message was never \def'ed. If you have
misspelled it (e.g., `\hobx'), type `I' and the correct
spelling (e.g., `I\hbox'). Otherwise just continue,
and I'll forget about whatever was undefined.

./mmd-letterhead-begin-doc.tex:81: Undefined control sequence.
\returnaddress ->\raggedleft \footnotesize 
                                           \renewcommand {\baselinestretch }...
l.81 \addtodef{\returnaddress
                             }{}{\defaultphone}
The control sequence at the end of the top line
of your error message was never \def'ed. If you have
misspelled it (e.g., `\hobx'), type `I' and the correct
spelling (e.g., `I\hbox'). Otherwise just continue,
and I'll forget about whatever was undefined.


./mmd-letterhead-begin-doc.tex:81: LaTeX Error: Missing \begin{document}.

See the LaTeX manual or LaTeX Companion for explanation.
Type  H <return>  for immediate help.
 ...                                              
                                                  
l.81 \addtodef{\returnaddress
                             }{}{\defaultphone}
You're in trouble here.  Try typing  <return>  to proceed.
If that doesn't work, type  X <return>  to quit.

./mmd-letterhead-begin-doc.tex:81: Undefined control sequence.
<recently read> \myauthor 
                          
l.81 \addtodef{\returnaddress
                             }{}{\defaultphone}
The control sequence at the end of the top line
of your error message was never \def'ed. If you have
misspelled it (e.g., `\hobx'), type `I' and the correct
spelling (e.g., `I\hbox'). Otherwise just continue,
and I'll forget about whatever was undefined.

./mmd-letterhead-begin-doc.tex:81: Undefined control sequence.
l.81 \addtodef{\returnaddress}{}{\defaultphone
                                              }
The control sequence at the end of the top line
of your error message was never \def'ed. If you have
misspelled it (e.g., `\hobx'), type `I' and the correct
spelling (e.g., `I\hbox'). Otherwise just continue,
and I'll forget about whatever was undefined.

./mmd-letterhead-begin-doc.tex:88: Undefined control sequence.
l.88 \addtodef
              {\returnaddress}{}{\defaultfax}
The control sequence at the end of the top line
of your error message was never \def'ed. If you have
misspelled it (e.g., `\hobx'), type `I' and the correct
spelling (e.g., `I\hbox'). Otherwise just continue,
and I'll forget about whatever was undefined.

./mmd-letterhead-begin-doc.tex:88: Undefined control sequence.
\returnaddress ->\raggedleft \footnotesize 
                                           \renewcommand {\baselinestretch }...
l.88 \addtodef{\returnaddress
                             }{}{\defaultfax}
The control sequence at the end of the top line
of your error message was never \def'ed. If you have
misspelled it (e.g., `\hobx'), type `I' and the correct
spelling (e.g., `I\hbox'). Otherwise just continue,
and I'll forget about whatever was undefined.


./mmd-letterhead-begin-doc.tex:88: LaTeX Error: Missing \begin{document}.

See the LaTeX manual or LaTeX Companion for explanation.
Type  H <return>  for immediate help.
 ...                                              
                                                  
l.88 \addtodef{\returnaddress
                             }{}{\defaultfax}
You're in trouble here.  Try typing  <return>  to proceed.
If that doesn't work, type  X <return>  to quit.

./mmd-letterhead-begin-doc.tex:88: Undefined control sequence.
<recently read> \myauthor 
                          
l.88 \addtodef{\returnaddress
                             }{}{\defaultfax}
The control sequence at the end of the top line
of your error message was never \def'ed. If you have
misspelled it (e.g., `\hobx'), type `I' and the correct
spelling (e.g., `I\hbox'). Otherwise just continue,
and I'll forget about whatever was undefined.

./mmd-letterhead-begin-doc.tex:88: Undefined control sequence.
l.88 \addtodef{\returnaddress}{}{\defaultfax
                                            }
The control sequence at the end of the top line
of your error message was never \def'ed. If you have
misspelled it (e.g., `\hobx'), type `I' and the correct
spelling (e.g., `I\hbox'). Otherwise just continue,
and I'll forget about whatever was undefined.

./mmd-letterhead-begin-doc.tex:94: Undefined control sequence.
l.94 \addtodef
              {\returnaddress}{}{\defaultweb
The control sequence at the end of the top line
of your error message was never \def'ed. If you have
misspelled it (e.g., `\hobx'), type `I' and the correct
spelling (e.g., `I\hbox'). Otherwise just continue,
and I'll forget about whatever was undefined.

./mmd-letterhead-begin-doc.tex:94: Undefined control sequence.
\returnaddress ->\raggedleft \footnotesize 
                                           \renewcommand {\baselinestretch }...
l.94 \addtodef{\returnaddress
                             }{}{\defaultweb
The control sequence at the end of the top line
of your error message was never \def'ed. If you have
misspelled it (e.g., `\hobx'), type `I' and the correct
spelling (e.g., `I\hbox'). Otherwise just continue,
and I'll forget about whatever was undefined.


./mmd-letterhead-begin-doc.tex:94: LaTeX Error: Missing \begin{document}.

See the LaTeX manual or LaTeX Companion for explanation.
Type  H <return>  for immediate help.
 ...                                              
                                                  
l.94 \addtodef{\returnaddress
                             }{}{\defaultweb
You're in trouble here.  Try typing  <return>  to proceed.
If that doesn't work, type  X <return>  to quit.

./mmd-letterhead-begin-doc.tex:94: Undefined control sequence.
<recently read> \myauthor 
                          
l.94 \addtodef{\returnaddress
                             }{}{\defaultweb
The control sequence at the end of the top line
of your error message was never \def'ed. If you have
misspelled it (e.g., `\hobx'), type `I' and the correct
spelling (e.g., `I\hbox'). Otherwise just continue,
and I'll forget about whatever was undefined.

./mmd-letterhead-begin-doc.tex:94: Undefined control sequence.
l.94 \addtodef{\returnaddress}{}{\defaultweb
                                            
The control sequence at the end of the top line
of your error message was never \def'ed. If you have
misspelled it (e.g., `\hobx'), type `I' and the correct
spelling (e.g., `I\hbox'). Otherwise just continue,
and I'll forget about whatever was undefined.


./mmd-letterhead-begin-doc.tex:101: LaTeX Error: \usepackage before \documentcl
ass.

See the LaTeX manual or LaTeX Companion for explanation.
Type  H <return>  for immediate help.
 ...                                              
                                                  
l.101 \usepackage{
                  mmd-letterhead}
\usepackage may only appear in the document preamble, i.e.,
between \documentclass and \begin{document}.

No file mmd-letterhead-begin-doc.aux.
\openout1 = `mmd-letterhead-begin-doc.aux'.

LaTeX Font Info:    Checking defaults for OML/cmm/m/it on input line 103.
LaTeX Font Info:    ... okay on input line 103.
LaTeX Font Info:    Checking defaults for T1/cmr/m/n on input line 103.
LaTeX Font Info:    ... okay on input line 103.
LaTeX Font Info:    Checking defaults for OT1/cmr/m/n on input line 103.
LaTeX Font Info:    ... okay on input line 103.
LaTeX Font Info:    Checking defaults for OMS/cmsy/m/n on input line 103.
LaTeX Font Info:    ... okay on input line 103.
LaTeX Font Info:    Checking defaults for OMX/cmex/m/n on input line 103.
LaTeX Font Info:    ... okay on input line 103.
LaTeX Font Info:    Checking defaults for U/cmr/m/n on input line 103.
LaTeX Font Info:    ... okay on input line 103.

./mmd-letterhead-begin-doc.tex:103: LaTeX Error: The font size command \normals
ize is not defined:
               there is probably something wrong with the class file.

See the LaTeX manual or LaTeX Companion for explanation.
Type  H <return>  for immediate help.
 ...                                              
                                                  
l.103 \begin{document}
                      
Your command was ignored.
Type  I <command> <return>  to replace it with another command,
or  <return>  to continue without it.

./mmd-letterhead-begin-doc.tex:120: Undefined control sequence.
l.120 \mainmatter
                 
The control sequence at the end of the top line
of your error message was never \def'ed. If you have
misspelled it (e.g., `\hobx'), type `I' and the correct
spelling (e.g., `I\hbox'). Otherwise just continue,
and I'll forget about whatever was undefined.

./mmd-letterhead-begin-doc.tex:123: Undefined control sequence.
<argument> \undefinedpagestyle 
                               
l.123 \thispagestyle{letterhead-cover}
                                      
The control sequence at the end of the top line
of your error message was never \def'ed. If you have
misspelled it (e.g., `\hobx'), type `I' and the correct
spelling (e.g., `I\hbox'). Otherwise just continue,
and I'll forget about whatever was undefined.


./mmd-letterhead-begin-doc.tex:127: LaTeX Error: Environment figure undefined.

See the LaTeX manual or LaTeX Companion for explanation.
Type  H <return>  for immediate help.
 ...                                              
                                                  
l.127 \begin{figure}
                    [t]
Your command was ignored.
Type  I <command> <return>  to replace it with another command,
or  <return>  to continue without it.

Missing character: There is no [ in font nullfont!
Missing character: There is no t in font nullfont!
Missing character: There is no ] in font nullfont!

./mmd-letterhead-begin-doc.tex:128: LaTeX Error: Environment adjustwidth undefi
ned.

See the LaTeX manual or LaTeX Companion for explanation.
Type  H <return>  for immediate help.
 ...                                              
                                                  
l.128 \begin{adjustwidth}
                         {-0.5in}{-0.5in}
Your command was ignored.
Type  I <command> <return>  to replace it with another command,
or  <return>  to continue without it.

Missing character: There is no - in font nullfont!
Missing character: There is no 0 in font nullfont!
Missing character: There is no . in font nullfont!
Missing character: There is no 5 in font nullfont!
Missing character: There is no i in font nullfont!
Missing character: There is no n in font nullfont!
Missing character: There is no - in font nullfont!
Missing character: There is no 0 in font nullfont!
Missing character: There is no . in font nullfont!
Missing character: There is no 5 in font nullfont!
Missing character: There is no i in font nullfont!
Missing character: There is no n in font nullfont!
./mmd-letterhead-begin-doc.tex:130: Undefined control sequence.
l.130 	\coverlogo
                 
The control sequence at the end of the top line
of your error message was never \def'ed. If you have
misspelled it (e.g., `\hobx'), type `I' and the correct
spelling (e.g., `I\hbox'). Otherwise just continue,
and I'll forget about whatever was undefined.

./mmd-letterhead-begin-doc.tex:132: Undefined control sequence.
<argument> \logoheight 
                       
l.132 \end{minipage}
                    
The control sequence at the end of the top line
of your error message was never \def'ed. If you have
misspelled it (e.g., `\hobx'), type `I' and the correct
spelling (e.g., `I\hbox'). Otherwise just continue,
and I'll forget about whatever was undefined.

./mmd-letterhead-begin-doc.tex:132: Missing number, treated as zero.
<to be read again> 
                   \relax 
l.132 \end{minipage}
                    
A number should have been here; I inserted `0'.
(If you can't figure out why I needed to see a number,
look up `weird error' in the index to The TeXbook.)

./mmd-letterhead-begin-doc.tex:132: Illegal unit of measure (pt inserted).
<to be read again> 
                   \relax 
l.132 \end{minipage}
                    
Dimensions can be in units of em, ex, in, pt, pc,
cm, mm, dd, cc, nd, nc, bp, or sp; but yours is a new one!
I'll assume that you meant to say pt, for printer's points.
To recover gracefully from this error, it's best to
delete the erroneous units; e.g., type `2' to delete
two letters. (See Chapter 27 of The TeXbook.)

LaTeX Font Info:    External font `cmex10' loaded for size
(Font)              <7> on input line 132.
LaTeX Font Info:    External font `cmex10' loaded for size
(Font)              <5> on input line 132.
./mmd-letterhead-begin-doc.tex:136: Undefined control sequence.
l.136 	\color
             {returnaddress}\returnaddress}
The control sequence at the end of the top line
of your error message was never \def'ed. If you have
misspelled it (e.g., `\hobx'), type `I' and the correct
spelling (e.g., `I\hbox'). Otherwise just continue,
and I'll forget about whatever was undefined.

Missing character: There is no r in font nullfont!
Missing character: There is no e in font nullfont!
Missing character: There is no t in font nullfont!
Missing character: There is no u in font nullfont!
Missing character: There is no r in font nullfont!
Missing character: There is no n in font nullfont!
Missing character: There is no a in font nullfont!
Missing character: There is no d in font nullfont!
Missing character: There is no d in font nullfont!
Missing character: There is no r in font nullfont!
Missing character: There is no e in font nullfont!
Missing character: There is no s in font nullfont!
Missing character: There is no s in font nullfont!
./mmd-letterhead-begin-doc.tex:136: Undefined control sequence.
\returnaddress ->\raggedleft \footnotesize 
                                           \renewcommand {\baselinestretch }...
l.136 	\color{returnaddress}\returnaddress
                                          }
The control sequence at the end of the top line
of your error message was never \def'ed. If you have
misspelled it (e.g., `\hobx'), type `I' and the correct
spelling (e.g., `I\hbox'). Otherwise just continue,
and I'll forget about whatever was undefined.

./mmd-letterhead-begin-doc.tex:136: Undefined control sequence.
<recently read> \myauthor 
                          
l.136 	\color{returnaddress}\returnaddress
                                          }
The control sequence at the end of the top line
of your error message was never \def'ed. If you have
misspelled it (e.g., `\hobx'), type `I' and the correct
spelling (e.g., `I\hbox'). Otherwise just continue,
and I'll forget about whatever was undefined.

./mmd-letterhead-begin-doc.tex:138: Undefined control sequence.
<argument> \logoheight 
                       
l.138 \end{minipage}
                    
The control sequence at the end of the top line
of your error message was never \def'ed. If you have
misspelled it (e.g., `\hobx'), type `I' and the correct
spelling (e.g., `I\hbox'). Otherwise just continue,
and I'll forget about whatever was undefined.

./mmd-letterhead-begin-doc.tex:138: Missing number, treated as zero.
<to be read again> 
                   \relax 
l.138 \end{minipage}
                    
A number should have been here; I inserted `0'.
(If you can't figure out why I needed to see a number,
look up `weird error' in the index to The TeXbook.)

./mmd-letterhead-begin-doc.tex:138: Illegal unit of measure (pt inserted).
<to be read again> 
                   \relax 
l.138 \end{minipage}
                    
Dimensions can be in units of em, ex, in, pt, pc,
cm, mm, dd, cc, nd, nc, bp, or sp; but yours is a new one!
I'll assume that you meant to say pt, for printer's points.
To recover gracefully from this error, it's best to
delete the erroneous units; e.g., type `2' to delete
two letters. (See Chapter 27 of The TeXbook.)


./mmd-letterhead-begin-doc.tex:139: LaTeX Error: \begin{document} ended by \end
{adjustwidth}.

See the LaTeX manual or LaTeX Companion for explanation.
Type  H <return>  for immediate help.
 ...                                              
                                                  
l.139 \end{adjustwidth}
                       
Your command was ignored.
Type  I <command> <return>  to replace it with another command,
or  <return>  to continue without it.


./mmd-letterhead-begin-doc.tex:140: LaTeX Error: \begin{document} ended by \end
{figure}.

See the LaTeX manual or LaTeX Companion for explanation.
Type  H <return>  for immediate help.
 ...                                              
                                                  
l.140 \end{figure}
                  
Your command was ignored.
Type  I <command> <return>  to replace it with another command,
or  <return>  to continue without it.

./mmd-letterhead-begin-doc.tex:143: Undefined control sequence.
<argument> \undefinedpagestyle 
                               
l.143 \pagestyle{letterhead}
                            
The control sequence at the end of the top line
of your error message was never \def'ed. If you have
misspelled it (e.g., `\hobx'), type `I' and the correct
spelling (e.g., `I\hbox'). Otherwise just continue,
and I'll forget about whatever was undefined.

./mmd-letterhead-begin-doc.tex:144: Undefined control sequence.
l.144 \small
            
The control sequence at the end of the top line
of your error message was never \def'ed. If you have
misspelled it (e.g., `\hobx'), type `I' and the correct
spelling (e.g., `I\hbox'). Otherwise just continue,
and I'll forget about whatever was undefined.

./mmd-letterhead-begin-doc.tex:154: Undefined control sequence.
\mydate ->\today 
                 
l.154 \mydate
             
The control sequence at the end of the top line
of your error message was never \def'ed. If you have
misspelled it (e.g., `\hobx'), type `I' and the correct
spelling (e.g., `I\hbox'). Otherwise just continue,
and I'll forget about whatever was undefined.

./mmd-letterhead-begin-doc.tex:158: Undefined control sequence.
l.158 \myrecipient
                  
The control sequence at the end of the top line
of your error message was never \def'ed. If you have
misspelled it (e.g., `\hobx'), type `I' and the correct
spelling (e.g., `I\hbox'). Otherwise just continue,
and I'll forget about whatever was undefined.

)
! Emergency stop.
<*> mmd-letterhead-begin-doc.tex
                                
*** (job aborted, no legal \end found)

 
Here is how much of TeX's memory you used:
 33 strings out of 493629
 504 string characters out of 3143324
 50273 words of memory out of 3000000
 3435 multiletter control sequences out of 15000+200000
 4294 words of font info for 16 fonts, out of 3000000 for 9000
 831 hyphenation exceptions out of 8191
 20i,3n,18p,103b,149s stack positions out of 5000i,500n,10000p,200000b,50000s
!  ==> Fatal error occurred, no output PDF file produced!
